\BOOKMARK [1][-]{section.1}{Instalacja}{}% 1
\BOOKMARK [2][-]{subsection.1.1}{Wersje oprogramowania}{section.1}% 2
\BOOKMARK [2][-]{subsection.1.2}{Konfiguracja srodowiska do wirtualizacji}{section.1}% 3
\BOOKMARK [2][-]{subsection.1.3}{Instalacja pakiet\363w}{section.1}% 4
\BOOKMARK [2][-]{subsection.1.4}{Konfiguracja serwera}{section.1}% 5
\BOOKMARK [3][-]{subsubsection.1.4.1}{Tworzenie katalogu na aplikacje}{subsection.1.4}% 6
\BOOKMARK [3][-]{subsubsection.1.4.2}{Pobieranie kodu zr\363d\233owego aplikacji wraz z szablonami}{subsection.1.4}% 7
\BOOKMARK [3][-]{subsubsection.1.4.3}{Tworzenie wirtualnego srodowiska dla webaplikacji}{subsection.1.4}% 8
\BOOKMARK [3][-]{subsubsection.1.4.4}{Instalacja lokalnych modu\233\363w dla Pythona i test aplikacji}{subsection.1.4}% 9
\BOOKMARK [3][-]{subsubsection.1.4.5}{Konfiguracja apache2}{subsection.1.4}% 10
\BOOKMARK [1][-]{section.2}{Konfiguracja aplikacji}{}% 11
\BOOKMARK [2][-]{subsection.2.1}{Pliki konfiguracyjne aplikacji}{section.2}% 12
\BOOKMARK [3][-]{subsubsection.2.1.1}{Zarzadzanie dzia\233ami i typami zlecen}{subsection.2.1}% 13
\BOOKMARK [3][-]{subsubsection.2.1.2}{Podpinanie bazy danych pod aplikacje}{subsection.2.1}% 14
\BOOKMARK [2][-]{subsection.2.2}{Zarzadzanie baza danych}{section.2}% 15
\BOOKMARK [3][-]{subsubsection.2.2.1}{Zarzadzanie uzytkownikami}{subsection.2.2}% 16
\BOOKMARK [3][-]{subsubsection.2.2.2}{Wiadomosci i aktualnosci\(tabele news i notifications\)}{subsection.2.2}% 17
\BOOKMARK [1][-]{section.3}{Aktualizacja}{}% 18
\BOOKMARK [2][-]{subsection.3.1}{Kopia zapasowa}{section.3}% 19
\BOOKMARK [2][-]{subsection.3.2}{Aktualizacja}{section.3}% 20
\BOOKMARK [3][-]{subsubsection.3.2.1}{Aktualizacja ze zdalnego repozytorium}{subsection.3.2}% 21
\BOOKMARK [3][-]{subsubsection.3.2.2}{Tworzenie lokalnego repozytorium do aktualizacji}{subsection.3.2}% 22
\BOOKMARK [3][-]{subsubsection.3.2.3}{Pobieranie obrazu VM}{subsection.3.2}% 23
\BOOKMARK [1][-]{section.4}{Kontakt}{}% 24
\BOOKMARK [1][-]{section.5}{Ostatnie zmiany}{}% 25
